<?xml version="1.0" encoding="UTF-8"?>
<!-- Generated by org.testng.reporters.JUnitXMLReporter -->
<testsuite ignored="0" hostname="PratikshaLenovo" failures="0" tests="3" name="Test" time="28.877" errors="0" timestamp="2024-09-20T23:02:32 IST">
  <testcase classname="pagesTest.AddCustomrTest" name="addCustomer" time="12.997"/>
  <testcase classname="pagesTest.AddNewTariffPlanTest" name="createNewTarrifPlan" time="1.087"/>
  <testcase classname="pagesTest.AddTariffPlanToCustomerTest" name="addTarrifPlanToCust" time="0.977"/>
</testsuite> <!-- Test -->
