<?xml version="1.0" encoding="UTF-8"?>
<testng-results ignored="0" total="3" passed="3" failed="0" skipped="0">
  <reporter-output>
  </reporter-output>
  <suite started-at="2024-09-20T23:02:04 IST" name="Suite" finished-at="2024-09-20T23:02:32 IST" duration-ms="28877">
    <groups>
    </groups>
    <test started-at="2024-09-20T23:02:04 IST" name="Test" finished-at="2024-09-20T23:02:32 IST" duration-ms="28877">
      <class name="pagesTest.AddNewTariffPlanTest">
        <test-method is-config="true" signature="launchURL()[pri:0, instance:pagesTest.AddNewTariffPlanTest@247310d0]" started-at="2024-09-20T23:02:27 IST" name="launchURL" finished-at="2024-09-20T23:02:28 IST" duration-ms="1227" status="PASS">
          <reporter-output>
          </reporter-output>
        </test-method> <!-- launchURL -->
        <test-method signature="createNewTarrifPlan(java.lang.String,java.lang.String,java.lang.String,java.lang.String,java.lang.String,java.lang.String,java.lang.String)[pri:0, instance:pagesTest.AddNewTariffPlanTest@247310d0]" started-at="2024-09-20T23:02:28 IST" name="createNewTarrifPlan" data-provider="dataProvidor" finished-at="2024-09-20T23:02:29 IST" duration-ms="1087" status="PASS">
          <params>
            <param index="0">
              <value>
                <![CDATA[1000]]>
              </value>
            </param>
            <param index="1">
              <value>
                <![CDATA[100]]>
              </value>
            </param>
            <param index="2">
              <value>
                <![CDATA[100]]>
              </value>
            </param>
            <param index="3">
              <value>
                <![CDATA[3000]]>
              </value>
            </param>
            <param index="4">
              <value>
                <![CDATA[10]]>
              </value>
            </param>
            <param index="5">
              <value>
                <![CDATA[15]]>
              </value>
            </param>
            <param index="6">
              <value>
                <![CDATA[5]]>
              </value>
            </param>
          </params>
          <reporter-output>
          </reporter-output>
        </test-method> <!-- createNewTarrifPlan -->
        <test-method is-config="true" signature="AfterMethod()[pri:0, instance:pagesTest.AddNewTariffPlanTest@247310d0]" started-at="2024-09-20T23:02:29 IST" name="AfterMethod" finished-at="2024-09-20T23:02:31 IST" duration-ms="1036" status="PASS">
          <reporter-output>
          </reporter-output>
        </test-method> <!-- AfterMethod -->
      </class> <!-- pagesTest.AddNewTariffPlanTest -->
      <class name="pagesTest.AddTariffPlanToCustomerTest">
        <test-method is-config="true" signature="launchForm()[pri:0, instance:pagesTest.AddTariffPlanToCustomerTest@1033576a]" started-at="2024-09-20T23:02:31 IST" name="launchForm" finished-at="2024-09-20T23:02:31 IST" duration-ms="491" status="PASS">
          <reporter-output>
          </reporter-output>
        </test-method> <!-- launchForm -->
        <test-method signature="addTarrifPlanToCust()[pri:0, instance:pagesTest.AddTariffPlanToCustomerTest@1033576a]" started-at="2024-09-20T23:02:31 IST" name="addTarrifPlanToCust" finished-at="2024-09-20T23:02:32 IST" duration-ms="977" status="PASS">
          <reporter-output>
          </reporter-output>
        </test-method> <!-- addTarrifPlanToCust -->
      </class> <!-- pagesTest.AddTariffPlanToCustomerTest -->
      <class name="pagesTest.AddCustomrTest">
        <test-method is-config="true" signature="launchURL()[pri:0, instance:pagesTest.AddCustomrTest@70ed52de]" started-at="2024-09-20T23:02:04 IST" name="launchURL" finished-at="2024-09-20T23:02:12 IST" duration-ms="8711" status="PASS">
          <reporter-output>
          </reporter-output>
        </test-method> <!-- launchURL -->
        <test-method signature="addCustomer(java.lang.String,java.lang.String,java.lang.String,java.lang.String,java.lang.String,java.lang.String)[pri:0, instance:pagesTest.AddCustomrTest@70ed52de]" started-at="2024-09-20T23:02:12 IST" name="addCustomer" data-provider="dataProvidor" finished-at="2024-09-20T23:02:25 IST" duration-ms="12997" status="PASS">
          <params>
            <param index="0">
              <value>
                <![CDATA[done]]>
              </value>
            </param>
            <param index="1">
              <value>
                <![CDATA[Prtiksha]]>
              </value>
            </param>
            <param index="2">
              <value>
                <![CDATA[Kashid]]>
              </value>
            </param>
            <param index="3">
              <value>
                <![CDATA[pratikshaK2406@gmail.com]]>
              </value>
            </param>
            <param index="4">
              <value>
                <![CDATA[Pune 411014]]>
              </value>
            </param>
            <param index="5">
              <value>
                <![CDATA[8765321098]]>
              </value>
            </param>
          </params>
          <reporter-output>
          </reporter-output>
        </test-method> <!-- addCustomer -->
        <test-method is-config="true" signature="clickOnHomeBtn()[pri:0, instance:pagesTest.AddCustomrTest@70ed52de]" started-at="2024-09-20T23:02:25 IST" name="clickOnHomeBtn" finished-at="2024-09-20T23:02:27 IST" duration-ms="1877" status="PASS">
          <reporter-output>
          </reporter-output>
        </test-method> <!-- clickOnHomeBtn -->
        <test-method is-config="true" signature="dismiss()[pri:0, instance:pagesTest.AddCustomrTest@70ed52de]" started-at="2024-09-20T23:02:32 IST" name="dismiss" finished-at="2024-09-20T23:02:32 IST" duration-ms="419" status="PASS">
          <reporter-output>
          </reporter-output>
        </test-method> <!-- dismiss -->
      </class> <!-- pagesTest.AddCustomrTest -->
    </test> <!-- Test -->
  </suite> <!-- Suite -->
</testng-results>
